2025/09/16 09:36:16 [warn] 1#1: the "listen ... http2" directive is deprecated, use the "http2" directive instead in /etc/nginx/conf.d/default.conf:7
2025/09/16 09:36:16 [notice] 1#1: using the "epoll" event method
2025/09/16 09:36:16 [notice] 1#1: nginx/1.29.0
2025/09/16 09:36:16 [notice] 1#1: built by gcc 14.2.0 (Alpine 14.2.0) 
2025/09/16 09:36:16 [notice] 1#1: OS: Linux 6.11.0-29-generic
2025/09/16 09:36:16 [notice] 1#1: getrlimit(RLIMIT_NOFILE): 1073741816:1073741816
2025/09/16 09:36:16 [notice] 1#1: start worker processes
2025/09/16 09:36:16 [notice] 1#1: start worker process 21
2025/09/16 09:36:16 [notice] 1#1: start worker process 22
2025/09/16 09:36:16 [notice] 1#1: start worker process 23
2025/09/16 09:36:16 [notice] 1#1: start worker process 24
2025/09/16 09:36:16 [notice] 1#1: start worker process 25
2025/09/16 09:36:16 [notice] 1#1: start worker process 26
2025/09/16 09:36:16 [notice] 1#1: start worker process 27
2025/09/16 09:36:16 [notice] 1#1: start worker process 28
2025/09/16 09:36:37 [notice] 1#1: signal 3 (SIGQUIT) received, shutting down
2025/09/16 09:36:37 [notice] 21#21: gracefully shutting down
2025/09/16 09:36:37 [notice] 23#23: gracefully shutting down
2025/09/16 09:36:37 [notice] 22#22: gracefully shutting down
2025/09/16 09:36:37 [notice] 25#25: gracefully shutting down
2025/09/16 09:36:37 [notice] 24#24: gracefully shutting down
2025/09/16 09:36:37 [notice] 26#26: gracefully shutting down
2025/09/16 09:36:37 [notice] 21#21: exiting
2025/09/16 09:36:37 [notice] 23#23: exiting
2025/09/16 09:36:37 [notice] 22#22: exiting
2025/09/16 09:36:37 [notice] 25#25: exiting
2025/09/16 09:36:37 [notice] 24#24: exiting
2025/09/16 09:36:37 [notice] 26#26: exiting
2025/09/16 09:36:37 [notice] 27#27: gracefully shutting down
2025/09/16 09:36:37 [notice] 28#28: gracefully shutting down
2025/09/16 09:36:37 [notice] 27#27: exiting
2025/09/16 09:36:37 [notice] 28#28: exiting
2025/09/16 09:36:37 [notice] 22#22: exit
2025/09/16 09:36:37 [notice] 26#26: exit
2025/09/16 09:36:37 [notice] 24#24: exit
2025/09/16 09:36:37 [notice] 21#21: exit
2025/09/16 09:36:37 [notice] 27#27: exit
2025/09/16 09:36:37 [notice] 25#25: exit
2025/09/16 09:36:37 [notice] 23#23: exit
2025/09/16 09:36:37 [notice] 28#28: exit
2025/09/16 09:36:37 [notice] 1#1: signal 17 (SIGCHLD) received from 28
2025/09/16 09:36:37 [notice] 1#1: worker process 26 exited with code 0
2025/09/16 09:36:37 [notice] 1#1: worker process 28 exited with code 0
2025/09/16 09:36:37 [notice] 1#1: signal 29 (SIGIO) received
2025/09/16 09:36:37 [notice] 1#1: signal 17 (SIGCHLD) received from 26
2025/09/16 09:36:37 [notice] 1#1: signal 17 (SIGCHLD) received from 25
2025/09/16 09:36:37 [notice] 1#1: worker process 25 exited with code 0
2025/09/16 09:36:37 [notice] 1#1: signal 29 (SIGIO) received
2025/09/16 09:36:37 [notice] 1#1: signal 17 (SIGCHLD) received from 22
2025/09/16 09:36:37 [notice] 1#1: worker process 22 exited with code 0
2025/09/16 09:36:37 [notice] 1#1: signal 29 (SIGIO) received
2025/09/16 09:36:37 [notice] 1#1: signal 17 (SIGCHLD) received from 24
2025/09/16 09:36:37 [notice] 1#1: worker process 24 exited with code 0
2025/09/16 09:36:37 [notice] 1#1: signal 29 (SIGIO) received
2025/09/16 09:36:37 [notice] 1#1: signal 17 (SIGCHLD) received from 23
2025/09/16 09:36:37 [notice] 1#1: worker process 23 exited with code 0
2025/09/16 09:36:37 [notice] 1#1: signal 29 (SIGIO) received
2025/09/16 09:36:37 [notice] 1#1: signal 17 (SIGCHLD) received from 27
2025/09/16 09:36:37 [notice] 1#1: worker process 27 exited with code 0
2025/09/16 09:36:37 [notice] 1#1: signal 29 (SIGIO) received
2025/09/16 09:36:37 [notice] 1#1: signal 17 (SIGCHLD) received from 21
2025/09/16 09:36:37 [notice] 1#1: worker process 21 exited with code 0
2025/09/16 09:36:37 [notice] 1#1: exit
2025/10/17 02:19:27 [warn] 1#1: the "listen ... http2" directive is deprecated, use the "http2" directive instead in /etc/nginx/conf.d/default.conf:7
2025/10/17 02:19:27 [notice] 1#1: using the "epoll" event method
2025/10/17 02:19:27 [notice] 1#1: nginx/1.29.2
2025/10/17 02:19:27 [notice] 1#1: built by gcc 14.2.0 (Alpine 14.2.0) 
2025/10/17 02:19:27 [notice] 1#1: OS: Linux 6.14.0-33-generic
2025/10/17 02:19:27 [notice] 1#1: getrlimit(RLIMIT_NOFILE): 1048576:1048576
2025/10/17 02:19:27 [notice] 1#1: start worker processes
2025/10/17 02:19:27 [notice] 1#1: start worker process 21
2025/10/17 02:19:27 [notice] 1#1: start worker process 22
2025/10/17 02:19:27 [notice] 1#1: start worker process 23
2025/10/17 02:19:27 [notice] 1#1: start worker process 24
2025/10/17 02:19:27 [notice] 1#1: start worker process 25
2025/10/17 02:19:27 [notice] 1#1: start worker process 26
2025/10/17 02:19:27 [notice] 1#1: start worker process 27
2025/10/17 02:19:27 [notice] 1#1: start worker process 28
2025/10/17 02:34:26 [notice] 1#1: signal 3 (SIGQUIT) received, shutting down
2025/10/17 02:34:26 [notice] 21#21: gracefully shutting down
2025/10/17 02:34:26 [notice] 23#23: gracefully shutting down
2025/10/17 02:34:26 [notice] 24#24: gracefully shutting down
2025/10/17 02:34:26 [notice] 22#22: gracefully shutting down
2025/10/17 02:34:26 [notice] 21#21: exiting
2025/10/17 02:34:26 [notice] 23#23: exiting
2025/10/17 02:34:26 [notice] 24#24: exiting
2025/10/17 02:34:26 [notice] 22#22: exiting
2025/10/17 02:34:26 [notice] 25#25: gracefully shutting down
2025/10/17 02:34:26 [notice] 25#25: exiting
2025/10/17 02:34:26 [notice] 26#26: gracefully shutting down
2025/10/17 02:34:26 [notice] 27#27: gracefully shutting down
2025/10/17 02:34:26 [notice] 28#28: gracefully shutting down
2025/10/17 02:34:26 [notice] 26#26: exiting
2025/10/17 02:34:26 [notice] 27#27: exiting
2025/10/17 02:34:26 [notice] 28#28: exiting
2025/10/17 02:34:26 [notice] 22#22: exit
2025/10/17 02:34:26 [notice] 21#21: exit
2025/10/17 02:34:26 [notice] 28#28: exit
2025/10/17 02:34:26 [notice] 27#27: exit
2025/10/17 02:34:26 [notice] 25#25: exit
2025/10/17 02:34:26 [notice] 23#23: exit
2025/10/17 02:34:26 [notice] 26#26: exit
2025/10/17 02:34:26 [notice] 24#24: exit
2025/10/17 02:34:26 [notice] 1#1: signal 17 (SIGCHLD) received from 26
2025/10/17 02:34:26 [notice] 1#1: worker process 26 exited with code 0
2025/10/17 02:34:26 [notice] 1#1: signal 29 (SIGIO) received
2025/10/17 02:34:26 [notice] 1#1: signal 17 (SIGCHLD) received from 27
2025/10/17 02:34:26 [notice] 1#1: worker process 27 exited with code 0
2025/10/17 02:34:26 [notice] 1#1: signal 29 (SIGIO) received
2025/10/17 02:34:26 [notice] 1#1: signal 17 (SIGCHLD) received from 25
2025/10/17 02:34:26 [notice] 1#1: worker process 21 exited with code 0
2025/10/17 02:34:26 [notice] 1#1: worker process 22 exited with code 0
2025/10/17 02:34:26 [notice] 1#1: worker process 23 exited with code 0
2025/10/17 02:34:26 [notice] 1#1: worker process 25 exited with code 0
2025/10/17 02:34:26 [notice] 1#1: signal 29 (SIGIO) received
2025/10/17 02:34:26 [notice] 1#1: signal 17 (SIGCHLD) received from 22
2025/10/17 02:34:26 [notice] 1#1: worker process 28 exited with code 0
2025/10/17 02:34:26 [notice] 1#1: signal 29 (SIGIO) received
2025/10/17 02:34:26 [notice] 1#1: signal 17 (SIGCHLD) received from 24
2025/10/17 02:34:26 [notice] 1#1: worker process 24 exited with code 0
2025/10/17 02:34:26 [notice] 1#1: exit
2025/10/17 02:34:30 [warn] 1#1: the "listen ... http2" directive is deprecated, use the "http2" directive instead in /etc/nginx/conf.d/default.conf:7
2025/10/17 02:34:30 [notice] 1#1: using the "epoll" event method
2025/10/17 02:34:30 [notice] 1#1: nginx/1.29.2
2025/10/17 02:34:30 [notice] 1#1: built by gcc 14.2.0 (Alpine 14.2.0) 
2025/10/17 02:34:30 [notice] 1#1: OS: Linux 6.14.0-33-generic
2025/10/17 02:34:30 [notice] 1#1: getrlimit(RLIMIT_NOFILE): 1048576:1048576
2025/10/17 02:34:30 [notice] 1#1: start worker processes
2025/10/17 02:34:30 [notice] 1#1: start worker process 21
2025/10/17 02:34:30 [notice] 1#1: start worker process 22
2025/10/17 02:34:30 [notice] 1#1: start worker process 23
2025/10/17 02:34:30 [notice] 1#1: start worker process 24
2025/10/17 02:34:30 [notice] 1#1: start worker process 25
2025/10/17 02:34:30 [notice] 1#1: start worker process 26
2025/10/17 02:34:30 [notice] 1#1: start worker process 27
2025/10/17 02:34:30 [notice] 1#1: start worker process 28
2025/10/17 02:37:27 [notice] 1#1: signal 3 (SIGQUIT) received, shutting down
2025/10/17 02:37:27 [notice] 23#23: gracefully shutting down
2025/10/17 02:37:27 [notice] 22#22: gracefully shutting down
2025/10/17 02:37:27 [notice] 21#21: gracefully shutting down
2025/10/17 02:37:27 [notice] 23#23: exiting
2025/10/17 02:37:27 [notice] 25#25: gracefully shutting down
2025/10/17 02:37:27 [notice] 27#27: gracefully shutting down
2025/10/17 02:37:27 [notice] 26#26: gracefully shutting down
2025/10/17 02:37:27 [notice] 27#27: exiting
2025/10/17 02:37:27 [notice] 25#25: exiting
2025/10/17 02:37:27 [notice] 26#26: exiting
2025/10/17 02:37:27 [notice] 28#28: gracefully shutting down
2025/10/17 02:37:27 [notice] 22#22: exiting
2025/10/17 02:37:27 [notice] 24#24: gracefully shutting down
2025/10/17 02:37:27 [notice] 28#28: exiting
2025/10/17 02:37:27 [notice] 24#24: exiting
2025/10/17 02:37:27 [notice] 25#25: exit
2025/10/17 02:37:27 [notice] 21#21: exiting
2025/10/17 02:37:27 [notice] 23#23: exit
2025/10/17 02:37:27 [notice] 27#27: exit
2025/10/17 02:37:27 [notice] 28#28: exit
2025/10/17 02:37:27 [notice] 24#24: exit
2025/10/17 02:37:27 [notice] 26#26: exit
2025/10/17 02:37:27 [notice] 22#22: exit
2025/10/17 02:37:27 [notice] 21#21: exit
2025/10/17 02:37:27 [notice] 1#1: signal 17 (SIGCHLD) received from 27
2025/10/17 02:37:27 [notice] 1#1: worker process 25 exited with code 0
2025/10/17 02:37:27 [notice] 1#1: worker process 27 exited with code 0
2025/10/17 02:37:27 [notice] 1#1: signal 29 (SIGIO) received
2025/10/17 02:37:27 [notice] 1#1: signal 17 (SIGCHLD) received from 25
2025/10/17 02:37:27 [notice] 1#1: signal 17 (SIGCHLD) received from 24
2025/10/17 02:37:27 [notice] 1#1: worker process 24 exited with code 0
2025/10/17 02:37:27 [notice] 1#1: signal 29 (SIGIO) received
2025/10/17 02:37:27 [notice] 1#1: signal 17 (SIGCHLD) received from 28
2025/10/17 02:37:27 [notice] 1#1: worker process 23 exited with code 0
2025/10/17 02:37:27 [notice] 1#1: worker process 28 exited with code 0
2025/10/17 02:37:27 [notice] 1#1: signal 29 (SIGIO) received
2025/10/17 02:37:27 [notice] 1#1: signal 17 (SIGCHLD) received from 21
2025/10/17 02:37:27 [notice] 1#1: worker process 21 exited with code 0
2025/10/17 02:37:27 [notice] 1#1: worker process 26 exited with code 0
2025/10/17 02:37:27 [notice] 1#1: signal 29 (SIGIO) received
2025/10/17 02:37:27 [notice] 1#1: signal 17 (SIGCHLD) received from 26
2025/10/17 02:37:27 [notice] 1#1: signal 17 (SIGCHLD) received from 22
2025/10/17 02:37:27 [notice] 1#1: worker process 22 exited with code 0
2025/10/17 02:37:27 [notice] 1#1: exit
2025/10/17 02:37:31 [warn] 1#1: the "listen ... http2" directive is deprecated, use the "http2" directive instead in /etc/nginx/conf.d/default.conf:7
2025/10/17 02:37:31 [notice] 1#1: using the "epoll" event method
2025/10/17 02:37:31 [notice] 1#1: nginx/1.29.2
2025/10/17 02:37:31 [notice] 1#1: built by gcc 14.2.0 (Alpine 14.2.0) 
2025/10/17 02:37:31 [notice] 1#1: OS: Linux 6.14.0-33-generic
2025/10/17 02:37:31 [notice] 1#1: getrlimit(RLIMIT_NOFILE): 1048576:1048576
2025/10/17 02:37:31 [notice] 1#1: start worker processes
2025/10/17 02:37:31 [notice] 1#1: start worker process 21
2025/10/17 02:37:31 [notice] 1#1: start worker process 22
2025/10/17 02:37:31 [notice] 1#1: start worker process 23
2025/10/17 02:37:31 [notice] 1#1: start worker process 24
2025/10/17 02:37:31 [notice] 1#1: start worker process 25
2025/10/17 02:37:31 [notice] 1#1: start worker process 26
2025/10/17 02:37:31 [notice] 1#1: start worker process 27
2025/10/17 02:37:31 [notice] 1#1: start worker process 28
2025/10/17 02:38:26 [notice] 1#1: signal 3 (SIGQUIT) received, shutting down
2025/10/17 02:38:26 [notice] 22#22: gracefully shutting down
2025/10/17 02:38:26 [notice] 21#21: gracefully shutting down
2025/10/17 02:38:26 [notice] 24#24: gracefully shutting down
2025/10/17 02:38:26 [notice] 23#23: gracefully shutting down
2025/10/17 02:38:26 [notice] 22#22: exiting
2025/10/17 02:38:26 [notice] 25#25: gracefully shutting down
2025/10/17 02:38:26 [notice] 21#21: exiting
2025/10/17 02:38:26 [notice] 24#24: exiting
2025/10/17 02:38:26 [notice] 23#23: exiting
2025/10/17 02:38:26 [notice] 25#25: exiting
2025/10/17 02:38:26 [notice] 28#28: gracefully shutting down
2025/10/17 02:38:26 [notice] 28#28: exiting
2025/10/17 02:38:26 [notice] 26#26: gracefully shutting down
2025/10/17 02:38:26 [notice] 26#26: exiting
2025/10/17 02:38:26 [notice] 22#22: exit
2025/10/17 02:38:26 [notice] 21#21: exit
2025/10/17 02:38:26 [notice] 25#25: exit
2025/10/17 02:38:26 [notice] 24#24: exit
2025/10/17 02:38:26 [notice] 23#23: exit
2025/10/17 02:38:26 [notice] 27#27: gracefully shutting down
2025/10/17 02:38:26 [notice] 26#26: exit
2025/10/17 02:38:26 [notice] 27#27: exiting
2025/10/17 02:38:26 [notice] 28#28: exit
2025/10/17 02:38:26 [notice] 27#27: exit
2025/10/17 02:38:26 [notice] 1#1: signal 17 (SIGCHLD) received from 21
2025/10/17 02:38:26 [notice] 1#1: worker process 21 exited with code 0
2025/10/17 02:38:26 [notice] 1#1: signal 29 (SIGIO) received
2025/10/17 02:38:26 [notice] 1#1: signal 17 (SIGCHLD) received from 24
2025/10/17 02:38:26 [notice] 1#1: worker process 24 exited with code 0
2025/10/17 02:38:26 [notice] 1#1: signal 29 (SIGIO) received
2025/10/17 02:38:26 [notice] 1#1: signal 17 (SIGCHLD) received from 26
2025/10/17 02:38:26 [notice] 1#1: worker process 26 exited with code 0
2025/10/17 02:38:26 [notice] 1#1: signal 29 (SIGIO) received
2025/10/17 02:38:26 [notice] 1#1: signal 17 (SIGCHLD) received from 23
2025/10/17 02:38:26 [notice] 1#1: worker process 23 exited with code 0
2025/10/17 02:38:26 [notice] 1#1: worker process 25 exited with code 0
2025/10/17 02:38:26 [notice] 1#1: signal 29 (SIGIO) received
2025/10/17 02:38:26 [notice] 1#1: signal 17 (SIGCHLD) received from 25
2025/10/17 02:38:26 [notice] 1#1: signal 17 (SIGCHLD) received from 27
2025/10/17 02:38:26 [notice] 1#1: worker process 27 exited with code 0
2025/10/17 02:38:26 [notice] 1#1: signal 29 (SIGIO) received
2025/10/17 02:38:26 [notice] 1#1: signal 17 (SIGCHLD) received from 22
2025/10/17 02:38:26 [notice] 1#1: worker process 22 exited with code 0
2025/10/17 02:38:26 [notice] 1#1: signal 29 (SIGIO) received
2025/10/17 02:38:27 [notice] 1#1: signal 17 (SIGCHLD) received from 28
2025/10/17 02:38:27 [notice] 1#1: worker process 28 exited with code 0
2025/10/17 02:38:27 [notice] 1#1: exit
